2013/02/24 01:28:04 [error] [exception.CHttpException.404] exception 'CHttpException' with message 'The system is unable to find the requested action "contact.tumadre".' in /Applications/MAMP/htdocs/yii/framework/web/CController.php:483
Stack trace:
#0 /Applications/MAMP/htdocs/yii/framework/web/CController.php(270): CController->missingAction('contact.tumadre')
#1 /Applications/MAMP/htdocs/yii/framework/web/CWebApplication.php(282): CController->run('contact.tumadre')
#2 /Applications/MAMP/htdocs/yii/framework/web/CWebApplication.php(141): CWebApplication->runController('site/contact.tu...')
#3 /Applications/MAMP/htdocs/yii/framework/base/CApplication.php(169): CWebApplication->processRequest()
#4 /Applications/MAMP/htdocs/baseyii/index.php(13): CApplication->run()
#5 {main}
REQUEST_URI=/baseyii/site/contact.tumadre
HTTP_REFERER=http://localhost/baseyii/site/login.tumadre
---
2013/02/24 01:28:06 [error] [exception.CHttpException.404] exception 'CHttpException' with message 'The system is unable to find the requested action "contact.tumadre".' in /Applications/MAMP/htdocs/yii/framework/web/CController.php:483
Stack trace:
#0 /Applications/MAMP/htdocs/yii/framework/web/CController.php(270): CController->missingAction('contact.tumadre')
#1 /Applications/MAMP/htdocs/yii/framework/web/CWebApplication.php(282): CController->run('contact.tumadre')
#2 /Applications/MAMP/htdocs/yii/framework/web/CWebApplication.php(141): CWebApplication->runController('site/contact.tu...')
#3 /Applications/MAMP/htdocs/yii/framework/base/CApplication.php(169): CWebApplication->processRequest()
#4 /Applications/MAMP/htdocs/baseyii/index.php(13): CApplication->run()
#5 {main}
REQUEST_URI=/baseyii/site/contact.tumadre
HTTP_REFERER=http://localhost/baseyii/site/login.tumadre
---
2013/02/24 01:28:07 [error] [exception.CHttpException.404] exception 'CHttpException' with message 'The system is unable to find the requested action "index.gi".' in /Applications/MAMP/htdocs/yii/framework/web/CController.php:483
Stack trace:
#0 /Applications/MAMP/htdocs/yii/framework/web/CController.php(270): CController->missingAction('index.gi')
#1 /Applications/MAMP/htdocs/yii/framework/web/CWebApplication.php(282): CController->run('index.gi')
#2 /Applications/MAMP/htdocs/yii/framework/web/CWebApplication.php(141): CWebApplication->runController('site/index.gi')
#3 /Applications/MAMP/htdocs/yii/framework/base/CApplication.php(169): CWebApplication->processRequest()
#4 /Applications/MAMP/htdocs/baseyii/index.php(13): CApplication->run()
#5 {main}
REQUEST_URI=/baseyii/site/index.gi
HTTP_REFERER=http://localhost/baseyii/site/contact.tumadre
---
2013/02/24 01:28:09 [error] [exception.CHttpException.404] exception 'CHttpException' with message 'The system is unable to find the requested action "contact.gi".' in /Applications/MAMP/htdocs/yii/framework/web/CController.php:483
Stack trace:
#0 /Applications/MAMP/htdocs/yii/framework/web/CController.php(270): CController->missingAction('contact.gi')
#1 /Applications/MAMP/htdocs/yii/framework/web/CWebApplication.php(282): CController->run('contact.gi')
#2 /Applications/MAMP/htdocs/yii/framework/web/CWebApplication.php(141): CWebApplication->runController('site/contact.gi')
#3 /Applications/MAMP/htdocs/yii/framework/base/CApplication.php(169): CWebApplication->processRequest()
#4 /Applications/MAMP/htdocs/baseyii/index.php(13): CApplication->run()
#5 {main}
REQUEST_URI=/baseyii/site/contact.gi
HTTP_REFERER=http://localhost/baseyii/site/page.gi%20?view=about
---
2013/02/24 01:28:10 [error] [exception.CHttpException.404] exception 'CHttpException' with message 'The system is unable to find the requested action "login.gi".' in /Applications/MAMP/htdocs/yii/framework/web/CController.php:483
Stack trace:
#0 /Applications/MAMP/htdocs/yii/framework/web/CController.php(270): CController->missingAction('login.gi')
#1 /Applications/MAMP/htdocs/yii/framework/web/CWebApplication.php(282): CController->run('login.gi')
#2 /Applications/MAMP/htdocs/yii/framework/web/CWebApplication.php(141): CWebApplication->runController('site/login.gi')
#3 /Applications/MAMP/htdocs/yii/framework/base/CApplication.php(169): CWebApplication->processRequest()
#4 /Applications/MAMP/htdocs/baseyii/index.php(13): CApplication->run()
#5 {main}
REQUEST_URI=/baseyii/site/login.gi
HTTP_REFERER=http://localhost/baseyii/site/contact.gi
---
2013/02/24 01:29:11 [error] [exception.CHttpException.404] exception 'CHttpException' with message 'The system is unable to find the requested action "login.gi".' in /Applications/MAMP/htdocs/yii/framework/web/CController.php:483
Stack trace:
#0 /Applications/MAMP/htdocs/yii/framework/web/CController.php(270): CController->missingAction('login.gi')
#1 /Applications/MAMP/htdocs/yii/framework/web/CWebApplication.php(282): CController->run('login.gi')
#2 /Applications/MAMP/htdocs/yii/framework/web/CWebApplication.php(141): CWebApplication->runController('site/login.gi')
#3 /Applications/MAMP/htdocs/yii/framework/base/CApplication.php(169): CWebApplication->processRequest()
#4 /Applications/MAMP/htdocs/baseyii/index.php(13): CApplication->run()
#5 {main}
REQUEST_URI=/baseyii/site/login.gi
HTTP_REFERER=http://localhost/baseyii/site/login.gi
---
2013/02/24 01:29:12 [error] [exception.CHttpException.404] exception 'CHttpException' with message 'The system is unable to find the requested action "contact.gi".' in /Applications/MAMP/htdocs/yii/framework/web/CController.php:483
Stack trace:
#0 /Applications/MAMP/htdocs/yii/framework/web/CController.php(270): CController->missingAction('contact.gi')
#1 /Applications/MAMP/htdocs/yii/framework/web/CWebApplication.php(282): CController->run('contact.gi')
#2 /Applications/MAMP/htdocs/yii/framework/web/CWebApplication.php(141): CWebApplication->runController('site/contact.gi')
#3 /Applications/MAMP/htdocs/yii/framework/base/CApplication.php(169): CWebApplication->processRequest()
#4 /Applications/MAMP/htdocs/baseyii/index.php(13): CApplication->run()
#5 {main}
REQUEST_URI=/baseyii/site/contact.gi
HTTP_REFERER=http://localhost/baseyii/site/login.gi
---
2013/02/24 01:29:14 [error] [exception.CHttpException.404] exception 'CHttpException' with message 'The system is unable to find the requested action "index.gi".' in /Applications/MAMP/htdocs/yii/framework/web/CController.php:483
Stack trace:
#0 /Applications/MAMP/htdocs/yii/framework/web/CController.php(270): CController->missingAction('index.gi')
#1 /Applications/MAMP/htdocs/yii/framework/web/CWebApplication.php(282): CController->run('index.gi')
#2 /Applications/MAMP/htdocs/yii/framework/web/CWebApplication.php(141): CWebApplication->runController('site/index.gi')
#3 /Applications/MAMP/htdocs/yii/framework/base/CApplication.php(169): CWebApplication->processRequest()
#4 /Applications/MAMP/htdocs/baseyii/index.php(13): CApplication->run()
#5 {main}
REQUEST_URI=/baseyii/site/index.gi
HTTP_REFERER=http://localhost/baseyii/site/page.gi%20?view=about
---
2013/02/24 01:29:24 [error] [exception.CHttpException.404] exception 'CHttpException' with message 'The system is unable to find the requested action "contact.gi".' in /Applications/MAMP/htdocs/yii/framework/web/CController.php:483
Stack trace:
#0 /Applications/MAMP/htdocs/yii/framework/web/CController.php(270): CController->missingAction('contact.gi')
#1 /Applications/MAMP/htdocs/yii/framework/web/CWebApplication.php(282): CController->run('contact.gi')
#2 /Applications/MAMP/htdocs/yii/framework/web/CWebApplication.php(141): CWebApplication->runController('site/contact.gi')
#3 /Applications/MAMP/htdocs/yii/framework/base/CApplication.php(169): CWebApplication->processRequest()
#4 /Applications/MAMP/htdocs/baseyii/index.php(13): CApplication->run()
#5 {main}
REQUEST_URI=/baseyii/site/contact.gi
HTTP_REFERER=http://localhost/baseyii/site/page.gi%20?view=about
---
2013/02/24 01:29:25 [error] [exception.CHttpException.404] exception 'CHttpException' with message 'The system is unable to find the requested action "login.gi".' in /Applications/MAMP/htdocs/yii/framework/web/CController.php:483
Stack trace:
#0 /Applications/MAMP/htdocs/yii/framework/web/CController.php(270): CController->missingAction('login.gi')
#1 /Applications/MAMP/htdocs/yii/framework/web/CWebApplication.php(282): CController->run('login.gi')
#2 /Applications/MAMP/htdocs/yii/framework/web/CWebApplication.php(141): CWebApplication->runController('site/login.gi')
#3 /Applications/MAMP/htdocs/yii/framework/base/CApplication.php(169): CWebApplication->processRequest()
#4 /Applications/MAMP/htdocs/baseyii/index.php(13): CApplication->run()
#5 {main}
REQUEST_URI=/baseyii/site/login.gi
HTTP_REFERER=http://localhost/baseyii/site/contact.gi
---
2013/02/24 02:34:18 [error] [exception.CHttpException.404] exception 'CHttpException' with message 'Unable to resolve the request "assets/lib/bootstrap/less/mixins.less".' in /Applications/MAMP/htdocs/yii/framework/web/CWebApplication.php:286
Stack trace:
#0 /Applications/MAMP/htdocs/yii/framework/web/CWebApplication.php(141): CWebApplication->runController('assets/lib/boot...')
#1 /Applications/MAMP/htdocs/yii/framework/base/CApplication.php(169): CWebApplication->processRequest()
#2 /Applications/MAMP/htdocs/baseyii/index.php(13): CApplication->run()
#3 {main}
REQUEST_URI=/baseyii/assets/lib/bootstrap/less/mixins.less
HTTP_REFERER=http://localhost/baseyii/site/index.gi
---
2013/02/24 02:34:21 [error] [exception.CHttpException.404] exception 'CHttpException' with message 'Unable to resolve the request "assets/lib/bootstrap/less/mixins.less".' in /Applications/MAMP/htdocs/yii/framework/web/CWebApplication.php:286
Stack trace:
#0 /Applications/MAMP/htdocs/yii/framework/web/CWebApplication.php(141): CWebApplication->runController('assets/lib/boot...')
#1 /Applications/MAMP/htdocs/yii/framework/base/CApplication.php(169): CWebApplication->processRequest()
#2 /Applications/MAMP/htdocs/baseyii/index.php(13): CApplication->run()
#3 {main}
REQUEST_URI=/baseyii/assets/lib/bootstrap/less/mixins.less
HTTP_REFERER=http://localhost/baseyii/site/page.gi?view=about
---
2013/02/24 02:34:30 [error] [exception.CHttpException.404] exception 'CHttpException' with message 'Unable to resolve the request "assets/lib/bootstrap/less/mixins.less".' in /Applications/MAMP/htdocs/yii/framework/web/CWebApplication.php:286
Stack trace:
#0 /Applications/MAMP/htdocs/yii/framework/web/CWebApplication.php(141): CWebApplication->runController('assets/lib/boot...')
#1 /Applications/MAMP/htdocs/yii/framework/base/CApplication.php(169): CWebApplication->processRequest()
#2 /Applications/MAMP/htdocs/baseyii/index.php(13): CApplication->run()
#3 {main}
REQUEST_URI=/baseyii/assets/lib/bootstrap/less/mixins.less
HTTP_REFERER=http://localhost/baseyii/site/contact.gi
---
2013/02/24 02:34:32 [error] [exception.CHttpException.404] exception 'CHttpException' with message 'Unable to resolve the request "assets/lib/bootstrap/less/mixins.less".' in /Applications/MAMP/htdocs/yii/framework/web/CWebApplication.php:286
Stack trace:
#0 /Applications/MAMP/htdocs/yii/framework/web/CWebApplication.php(141): CWebApplication->runController('assets/lib/boot...')
#1 /Applications/MAMP/htdocs/yii/framework/base/CApplication.php(169): CWebApplication->processRequest()
#2 /Applications/MAMP/htdocs/baseyii/index.php(13): CApplication->run()
#3 {main}
REQUEST_URI=/baseyii/assets/lib/bootstrap/less/mixins.less
HTTP_REFERER=http://localhost/baseyii/site/login.gi
---
2013/02/24 02:34:34 [error] [exception.CHttpException.404] exception 'CHttpException' with message 'Unable to resolve the request "assets/lib/bootstrap/less/mixins.less".' in /Applications/MAMP/htdocs/yii/framework/web/CWebApplication.php:286
Stack trace:
#0 /Applications/MAMP/htdocs/yii/framework/web/CWebApplication.php(141): CWebApplication->runController('assets/lib/boot...')
#1 /Applications/MAMP/htdocs/yii/framework/base/CApplication.php(169): CWebApplication->processRequest()
#2 /Applications/MAMP/htdocs/baseyii/index.php(13): CApplication->run()
#3 {main}
REQUEST_URI=/baseyii/assets/lib/bootstrap/less/mixins.less
HTTP_REFERER=http://localhost/baseyii/site/index.gi
---
2013/02/24 02:34:35 [error] [exception.CHttpException.404] exception 'CHttpException' with message 'Unable to resolve the request "assets/lib/bootstrap/less/mixins.less".' in /Applications/MAMP/htdocs/yii/framework/web/CWebApplication.php:286
Stack trace:
#0 /Applications/MAMP/htdocs/yii/framework/web/CWebApplication.php(141): CWebApplication->runController('assets/lib/boot...')
#1 /Applications/MAMP/htdocs/yii/framework/base/CApplication.php(169): CWebApplication->processRequest()
#2 /Applications/MAMP/htdocs/baseyii/index.php(13): CApplication->run()
#3 {main}
REQUEST_URI=/baseyii/assets/lib/bootstrap/less/mixins.less
HTTP_REFERER=http://localhost/baseyii/site/page.gi?view=about
---
2013/02/24 02:34:37 [error] [exception.CHttpException.404] exception 'CHttpException' with message 'Unable to resolve the request "assets/lib/bootstrap/less/mixins.less".' in /Applications/MAMP/htdocs/yii/framework/web/CWebApplication.php:286
Stack trace:
#0 /Applications/MAMP/htdocs/yii/framework/web/CWebApplication.php(141): CWebApplication->runController('assets/lib/boot...')
#1 /Applications/MAMP/htdocs/yii/framework/base/CApplication.php(169): CWebApplication->processRequest()
#2 /Applications/MAMP/htdocs/baseyii/index.php(13): CApplication->run()
#3 {main}
REQUEST_URI=/baseyii/assets/lib/bootstrap/less/mixins.less
HTTP_REFERER=http://localhost/baseyii/site/contact.gi
---
2013/02/24 02:34:37 [error] [exception.CHttpException.404] exception 'CHttpException' with message 'Unable to resolve the request "assets/lib/bootstrap/less/mixins.less".' in /Applications/MAMP/htdocs/yii/framework/web/CWebApplication.php:286
Stack trace:
#0 /Applications/MAMP/htdocs/yii/framework/web/CWebApplication.php(141): CWebApplication->runController('assets/lib/boot...')
#1 /Applications/MAMP/htdocs/yii/framework/base/CApplication.php(169): CWebApplication->processRequest()
#2 /Applications/MAMP/htdocs/baseyii/index.php(13): CApplication->run()
#3 {main}
REQUEST_URI=/baseyii/assets/lib/bootstrap/less/mixins.less
HTTP_REFERER=http://localhost/baseyii/site/login.gi
---
2013/02/24 02:34:39 [error] [exception.CHttpException.404] exception 'CHttpException' with message 'Unable to resolve the request "assets/lib/bootstrap/less/mixins.less".' in /Applications/MAMP/htdocs/yii/framework/web/CWebApplication.php:286
Stack trace:
#0 /Applications/MAMP/htdocs/yii/framework/web/CWebApplication.php(141): CWebApplication->runController('assets/lib/boot...')
#1 /Applications/MAMP/htdocs/yii/framework/base/CApplication.php(169): CWebApplication->processRequest()
#2 /Applications/MAMP/htdocs/baseyii/index.php(13): CApplication->run()
#3 {main}
REQUEST_URI=/baseyii/assets/lib/bootstrap/less/mixins.less
HTTP_REFERER=http://localhost/baseyii/site/contact.gi
---
2013/02/24 02:34:40 [error] [exception.CHttpException.404] exception 'CHttpException' with message 'Unable to resolve the request "assets/lib/bootstrap/less/mixins.less".' in /Applications/MAMP/htdocs/yii/framework/web/CWebApplication.php:286
Stack trace:
#0 /Applications/MAMP/htdocs/yii/framework/web/CWebApplication.php(141): CWebApplication->runController('assets/lib/boot...')
#1 /Applications/MAMP/htdocs/yii/framework/base/CApplication.php(169): CWebApplication->processRequest()
#2 /Applications/MAMP/htdocs/baseyii/index.php(13): CApplication->run()
#3 {main}
REQUEST_URI=/baseyii/assets/lib/bootstrap/less/mixins.less
HTTP_REFERER=http://localhost/baseyii/site/index.gi
---
2013/02/24 02:34:41 [error] [exception.CHttpException.404] exception 'CHttpException' with message 'Unable to resolve the request "assets/lib/bootstrap/less/mixins.less".' in /Applications/MAMP/htdocs/yii/framework/web/CWebApplication.php:286
Stack trace:
#0 /Applications/MAMP/htdocs/yii/framework/web/CWebApplication.php(141): CWebApplication->runController('assets/lib/boot...')
#1 /Applications/MAMP/htdocs/yii/framework/base/CApplication.php(169): CWebApplication->processRequest()
#2 /Applications/MAMP/htdocs/baseyii/index.php(13): CApplication->run()
#3 {main}
REQUEST_URI=/baseyii/assets/lib/bootstrap/less/mixins.less
HTTP_REFERER=http://localhost/baseyii/site/page.gi?view=about
---
2013/02/24 02:34:43 [error] [exception.CHttpException.404] exception 'CHttpException' with message 'Unable to resolve the request "assets/lib/bootstrap/less/mixins.less".' in /Applications/MAMP/htdocs/yii/framework/web/CWebApplication.php:286
Stack trace:
#0 /Applications/MAMP/htdocs/yii/framework/web/CWebApplication.php(141): CWebApplication->runController('assets/lib/boot...')
#1 /Applications/MAMP/htdocs/yii/framework/base/CApplication.php(169): CWebApplication->processRequest()
#2 /Applications/MAMP/htdocs/baseyii/index.php(13): CApplication->run()
#3 {main}
REQUEST_URI=/baseyii/assets/lib/bootstrap/less/mixins.less
HTTP_REFERER=http://localhost/baseyii/site/index.gi
---
2013/02/24 02:34:53 [error] [exception.CHttpException.404] exception 'CHttpException' with message 'Unable to resolve the request "assets/lib/bootstrap/less/mixins.less".' in /Applications/MAMP/htdocs/yii/framework/web/CWebApplication.php:286
Stack trace:
#0 /Applications/MAMP/htdocs/yii/framework/web/CWebApplication.php(141): CWebApplication->runController('assets/lib/boot...')
#1 /Applications/MAMP/htdocs/yii/framework/base/CApplication.php(169): CWebApplication->processRequest()
#2 /Applications/MAMP/htdocs/baseyii/index.php(13): CApplication->run()
#3 {main}
REQUEST_URI=/baseyii/assets/lib/bootstrap/less/mixins.less
HTTP_REFERER=http://localhost/baseyii/
---
2013/02/24 02:34:54 [error] [exception.CHttpException.404] exception 'CHttpException' with message 'Unable to resolve the request "assets/lib/bootstrap/less/mixins.less".' in /Applications/MAMP/htdocs/yii/framework/web/CWebApplication.php:286
Stack trace:
#0 /Applications/MAMP/htdocs/yii/framework/web/CWebApplication.php(141): CWebApplication->runController('assets/lib/boot...')
#1 /Applications/MAMP/htdocs/yii/framework/base/CApplication.php(169): CWebApplication->processRequest()
#2 /Applications/MAMP/htdocs/baseyii/index.php(13): CApplication->run()
#3 {main}
REQUEST_URI=/baseyii/assets/lib/bootstrap/less/mixins.less
HTTP_REFERER=http://localhost/baseyii/
---
2013/02/24 02:34:58 [error] [exception.CHttpException.404] exception 'CHttpException' with message 'Unable to resolve the request "assets/lib/bootstrap/less/mixins.less".' in /Applications/MAMP/htdocs/yii/framework/web/CWebApplication.php:286
Stack trace:
#0 /Applications/MAMP/htdocs/yii/framework/web/CWebApplication.php(141): CWebApplication->runController('assets/lib/boot...')
#1 /Applications/MAMP/htdocs/yii/framework/base/CApplication.php(169): CWebApplication->processRequest()
#2 /Applications/MAMP/htdocs/baseyii/index.php(13): CApplication->run()
#3 {main}
REQUEST_URI=/baseyii/assets/lib/bootstrap/less/mixins.less
HTTP_REFERER=http://localhost/baseyii/site/page.gi?view=about
---
2013/02/24 02:35:00 [error] [exception.CHttpException.404] exception 'CHttpException' with message 'Unable to resolve the request "assets/lib/bootstrap/less/mixins.less".' in /Applications/MAMP/htdocs/yii/framework/web/CWebApplication.php:286
Stack trace:
#0 /Applications/MAMP/htdocs/yii/framework/web/CWebApplication.php(141): CWebApplication->runController('assets/lib/boot...')
#1 /Applications/MAMP/htdocs/yii/framework/base/CApplication.php(169): CWebApplication->processRequest()
#2 /Applications/MAMP/htdocs/baseyii/index.php(13): CApplication->run()
#3 {main}
REQUEST_URI=/baseyii/assets/lib/bootstrap/less/mixins.less
HTTP_REFERER=http://localhost/baseyii/site/contact.gi
---
2013/02/24 02:35:40 [error] [exception.CHttpException.404] exception 'CHttpException' with message 'Unable to resolve the request "assets/lib/bootstrap/less/mixins.less".' in /Applications/MAMP/htdocs/yii/framework/web/CWebApplication.php:286
Stack trace:
#0 /Applications/MAMP/htdocs/yii/framework/web/CWebApplication.php(141): CWebApplication->runController('assets/lib/boot...')
#1 /Applications/MAMP/htdocs/yii/framework/base/CApplication.php(169): CWebApplication->processRequest()
#2 /Applications/MAMP/htdocs/baseyii/index.php(13): CApplication->run()
#3 {main}
REQUEST_URI=/baseyii/assets/lib/bootstrap/less/mixins.less
HTTP_REFERER=http://localhost/baseyii/site/page.gi?view=about
---
2013/02/24 02:35:45 [error] [exception.CHttpException.404] exception 'CHttpException' with message 'The system is unable to find the requested action "gii".' in /Applications/MAMP/htdocs/yii/framework/web/CController.php:483
Stack trace:
#0 /Applications/MAMP/htdocs/yii/framework/web/CController.php(270): CController->missingAction('gii')
#1 /Applications/MAMP/htdocs/yii/framework/web/CWebApplication.php(282): CController->run('gii')
#2 /Applications/MAMP/htdocs/yii/framework/web/CWebApplication.php(141): CWebApplication->runController('site/gii')
#3 /Applications/MAMP/htdocs/yii/framework/base/CApplication.php(169): CWebApplication->processRequest()
#4 /Applications/MAMP/htdocs/baseyii/index.php(13): CApplication->run()
#5 {main}
REQUEST_URI=/baseyii/site/gii
---
2013/02/24 02:35:45 [error] [exception.CHttpException.404] exception 'CHttpException' with message 'Unable to resolve the request "assets/lib/bootstrap/less/mixins.less".' in /Applications/MAMP/htdocs/yii/framework/web/CWebApplication.php:286
Stack trace:
#0 /Applications/MAMP/htdocs/yii/framework/web/CWebApplication.php(141): CWebApplication->runController('assets/lib/boot...')
#1 /Applications/MAMP/htdocs/yii/framework/base/CApplication.php(169): CWebApplication->processRequest()
#2 /Applications/MAMP/htdocs/baseyii/index.php(13): CApplication->run()
#3 {main}
REQUEST_URI=/baseyii/assets/lib/bootstrap/less/mixins.less
HTTP_REFERER=http://localhost/baseyii/site/gii
---
2013/02/24 02:37:42 [error] [exception.CHttpException.404] exception 'CHttpException' with message 'Unable to resolve the request "assets/lib/bootstrap/less/mixins.less".' in /Applications/MAMP/htdocs/yii/framework/web/CWebApplication.php:286
Stack trace:
#0 /Applications/MAMP/htdocs/yii/framework/web/CWebApplication.php(141): CWebApplication->runController('assets/lib/boot...')
#1 /Applications/MAMP/htdocs/yii/framework/base/CApplication.php(169): CWebApplication->processRequest()
#2 /Applications/MAMP/htdocs/baseyii/index.php(13): CApplication->run()
#3 {main}
REQUEST_URI=/baseyii/assets/lib/bootstrap/less/mixins.less
HTTP_REFERER=http://localhost/baseyii/
---
2013/02/24 02:39:51 [error] [exception.CHttpException.404] exception 'CHttpException' with message 'Unable to resolve the request "assets/lib/bootstrap/less/mixins.less".' in /Applications/MAMP/htdocs/yii/framework/web/CWebApplication.php:286
Stack trace:
#0 /Applications/MAMP/htdocs/yii/framework/web/CWebApplication.php(141): CWebApplication->runController('assets/lib/boot...')
#1 /Applications/MAMP/htdocs/yii/framework/base/CApplication.php(169): CWebApplication->processRequest()
#2 /Applications/MAMP/htdocs/baseyii/index.php(13): CApplication->run()
#3 {main}
REQUEST_URI=/baseyii/assets/lib/bootstrap/less/mixins.less
HTTP_REFERER=http://localhost/baseyii/site/contact.gi
---
2013/02/24 02:44:58 [error] [exception.CHttpException.404] exception 'CHttpException' with message 'Unable to resolve the request "assets/lib/bootstrap/less/mixins.less".' in /Applications/MAMP/htdocs/yii/framework/web/CWebApplication.php:286
Stack trace:
#0 /Applications/MAMP/htdocs/yii/framework/web/CWebApplication.php(141): CWebApplication->runController('assets/lib/boot...')
#1 /Applications/MAMP/htdocs/yii/framework/base/CApplication.php(169): CWebApplication->processRequest()
#2 /Applications/MAMP/htdocs/baseyii/index.php(13): CApplication->run()
#3 {main}
REQUEST_URI=/baseyii/assets/lib/bootstrap/less/mixins.less
HTTP_REFERER=http://localhost/baseyii/
---
2013/02/24 02:45:04 [error] [exception.CHttpException.404] exception 'CHttpException' with message 'Unable to resolve the request "assets/lib/bootstrap/less/mixins.less".' in /Applications/MAMP/htdocs/yii/framework/web/CWebApplication.php:286
Stack trace:
#0 /Applications/MAMP/htdocs/yii/framework/web/CWebApplication.php(141): CWebApplication->runController('assets/lib/boot...')
#1 /Applications/MAMP/htdocs/yii/framework/base/CApplication.php(169): CWebApplication->processRequest()
#2 /Applications/MAMP/htdocs/baseyii/index.php(13): CApplication->run()
#3 {main}
REQUEST_URI=/baseyii/assets/lib/bootstrap/less/mixins.less
HTTP_REFERER=http://localhost/baseyii/site/login.gi
---
2013/02/24 02:45:08 [error] [exception.CHttpException.404] exception 'CHttpException' with message 'Unable to resolve the request "assets/lib/bootstrap/less/mixins.less".' in /Applications/MAMP/htdocs/yii/framework/web/CWebApplication.php:286
Stack trace:
#0 /Applications/MAMP/htdocs/yii/framework/web/CWebApplication.php(141): CWebApplication->runController('assets/lib/boot...')
#1 /Applications/MAMP/htdocs/yii/framework/base/CApplication.php(169): CWebApplication->processRequest()
#2 /Applications/MAMP/htdocs/baseyii/index.php(13): CApplication->run()
#3 {main}
REQUEST_URI=/baseyii/assets/lib/bootstrap/less/mixins.less
HTTP_REFERER=http://localhost/baseyii/site/contact.gi
---
2013/02/24 02:45:58 [error] [exception.CHttpException.404] exception 'CHttpException' with message 'Unable to resolve the request "assets/lib/bootstrap/less/mixins.less".' in /Applications/MAMP/htdocs/yii/framework/web/CWebApplication.php:286
Stack trace:
#0 /Applications/MAMP/htdocs/yii/framework/web/CWebApplication.php(141): CWebApplication->runController('assets/lib/boot...')
#1 /Applications/MAMP/htdocs/yii/framework/base/CApplication.php(169): CWebApplication->processRequest()
#2 /Applications/MAMP/htdocs/baseyii/index.php(13): CApplication->run()
#3 {main}
REQUEST_URI=/baseyii/assets/lib/bootstrap/less/mixins.less
HTTP_REFERER=http://localhost/baseyii/
---
2013/02/24 02:46:12 [error] [exception.CHttpException.404] exception 'CHttpException' with message 'Unable to resolve the request "assets/lib/bootstrap/less/mixins.less".' in /Applications/MAMP/htdocs/yii/framework/web/CWebApplication.php:286
Stack trace:
#0 /Applications/MAMP/htdocs/yii/framework/web/CWebApplication.php(141): CWebApplication->runController('assets/lib/boot...')
#1 /Applications/MAMP/htdocs/yii/framework/base/CApplication.php(169): CWebApplication->processRequest()
#2 /Applications/MAMP/htdocs/baseyii/index.php(13): CApplication->run()
#3 {main}
REQUEST_URI=/baseyii/assets/lib/bootstrap/less/mixins.less
HTTP_REFERER=http://localhost/baseyii/site/page.gi?view=about
---
2013/02/24 02:46:14 [error] [exception.CHttpException.404] exception 'CHttpException' with message 'Unable to resolve the request "assets/lib/bootstrap/less/mixins.less".' in /Applications/MAMP/htdocs/yii/framework/web/CWebApplication.php:286
Stack trace:
#0 /Applications/MAMP/htdocs/yii/framework/web/CWebApplication.php(141): CWebApplication->runController('assets/lib/boot...')
#1 /Applications/MAMP/htdocs/yii/framework/base/CApplication.php(169): CWebApplication->processRequest()
#2 /Applications/MAMP/htdocs/baseyii/index.php(13): CApplication->run()
#3 {main}
REQUEST_URI=/baseyii/assets/lib/bootstrap/less/mixins.less
HTTP_REFERER=http://localhost/baseyii/site/contact.gi
---
2013/02/24 02:46:36 [error] [exception.CHttpException.404] exception 'CHttpException' with message 'Unable to resolve the request "assets/lib/bootstrap/less/mixins.less".' in /Applications/MAMP/htdocs/yii/framework/web/CWebApplication.php:286
Stack trace:
#0 /Applications/MAMP/htdocs/yii/framework/web/CWebApplication.php(141): CWebApplication->runController('assets/lib/boot...')
#1 /Applications/MAMP/htdocs/yii/framework/base/CApplication.php(169): CWebApplication->processRequest()
#2 /Applications/MAMP/htdocs/baseyii/index.php(13): CApplication->run()
#3 {main}
REQUEST_URI=/baseyii/assets/lib/bootstrap/less/mixins.less
HTTP_REFERER=http://localhost/baseyii/
---
2013/02/24 02:46:38 [error] [exception.CHttpException.404] exception 'CHttpException' with message 'Unable to resolve the request "assets/lib/bootstrap/less/mixins.less".' in /Applications/MAMP/htdocs/yii/framework/web/CWebApplication.php:286
Stack trace:
#0 /Applications/MAMP/htdocs/yii/framework/web/CWebApplication.php(141): CWebApplication->runController('assets/lib/boot...')
#1 /Applications/MAMP/htdocs/yii/framework/base/CApplication.php(169): CWebApplication->processRequest()
#2 /Applications/MAMP/htdocs/baseyii/index.php(13): CApplication->run()
#3 {main}
REQUEST_URI=/baseyii/assets/lib/bootstrap/less/mixins.less
HTTP_REFERER=http://localhost/baseyii/site/contact.tumadre
---
2013/02/24 02:47:04 [error] [exception.CHttpException.404] exception 'CHttpException' with message 'The system is unable to find the requested action "index.tumadre".' in /Applications/MAMP/htdocs/yii/framework/web/CController.php:483
Stack trace:
#0 /Applications/MAMP/htdocs/yii/framework/web/CController.php(270): CController->missingAction('index.tumadre')
#1 /Applications/MAMP/htdocs/yii/framework/web/CWebApplication.php(282): CController->run('index.tumadre')
#2 /Applications/MAMP/htdocs/yii/framework/web/CWebApplication.php(141): CWebApplication->runController('site/index.tuma...')
#3 /Applications/MAMP/htdocs/yii/framework/base/CApplication.php(169): CWebApplication->processRequest()
#4 /Applications/MAMP/htdocs/baseyii/index.php(13): CApplication->run()
#5 {main}
REQUEST_URI=/baseyii/site/index.tumadre
HTTP_REFERER=http://localhost/baseyii/site/contact.tumadre
---
2013/02/24 02:47:04 [error] [exception.CHttpException.404] exception 'CHttpException' with message 'Unable to resolve the request "assets/lib/bootstrap/less/mixins.less".' in /Applications/MAMP/htdocs/yii/framework/web/CWebApplication.php:286
Stack trace:
#0 /Applications/MAMP/htdocs/yii/framework/web/CWebApplication.php(141): CWebApplication->runController('assets/lib/boot...')
#1 /Applications/MAMP/htdocs/yii/framework/base/CApplication.php(169): CWebApplication->processRequest()
#2 /Applications/MAMP/htdocs/baseyii/index.php(13): CApplication->run()
#3 {main}
REQUEST_URI=/baseyii/assets/lib/bootstrap/less/mixins.less
HTTP_REFERER=http://localhost/baseyii/site/index.tumadre
---
2013/02/24 02:47:05 [error] [exception.CHttpException.404] exception 'CHttpException' with message 'Unable to resolve the request "assets/lib/bootstrap/less/mixins.less".' in /Applications/MAMP/htdocs/yii/framework/web/CWebApplication.php:286
Stack trace:
#0 /Applications/MAMP/htdocs/yii/framework/web/CWebApplication.php(141): CWebApplication->runController('assets/lib/boot...')
#1 /Applications/MAMP/htdocs/yii/framework/base/CApplication.php(169): CWebApplication->processRequest()
#2 /Applications/MAMP/htdocs/baseyii/index.php(13): CApplication->run()
#3 {main}
REQUEST_URI=/baseyii/assets/lib/bootstrap/less/mixins.less
HTTP_REFERER=http://localhost/baseyii/
---
2013/02/24 02:47:06 [error] [exception.CHttpException.404] exception 'CHttpException' with message 'Unable to resolve the request "assets/lib/bootstrap/less/mixins.less".' in /Applications/MAMP/htdocs/yii/framework/web/CWebApplication.php:286
Stack trace:
#0 /Applications/MAMP/htdocs/yii/framework/web/CWebApplication.php(141): CWebApplication->runController('assets/lib/boot...')
#1 /Applications/MAMP/htdocs/yii/framework/base/CApplication.php(169): CWebApplication->processRequest()
#2 /Applications/MAMP/htdocs/baseyii/index.php(13): CApplication->run()
#3 {main}
REQUEST_URI=/baseyii/assets/lib/bootstrap/less/mixins.less
HTTP_REFERER=http://localhost/baseyii/site/contact.asp
---
2013/02/24 02:47:23 [error] [exception.CHttpException.404] exception 'CHttpException' with message 'Unable to resolve the request "assets/lib/bootstrap/less/mixins.less".' in /Applications/MAMP/htdocs/yii/framework/web/CWebApplication.php:286
Stack trace:
#0 /Applications/MAMP/htdocs/yii/framework/web/CWebApplication.php(141): CWebApplication->runController('assets/lib/boot...')
#1 /Applications/MAMP/htdocs/yii/framework/base/CApplication.php(169): CWebApplication->processRequest()
#2 /Applications/MAMP/htdocs/baseyii/index.php(13): CApplication->run()
#3 {main}
REQUEST_URI=/baseyii/assets/lib/bootstrap/less/mixins.less
HTTP_REFERER=http://localhost/baseyii/
---
2013/02/24 02:47:27 [error] [exception.CHttpException.404] exception 'CHttpException' with message 'Unable to resolve the request "assets/lib/bootstrap/less/mixins.less".' in /Applications/MAMP/htdocs/yii/framework/web/CWebApplication.php:286
Stack trace:
#0 /Applications/MAMP/htdocs/yii/framework/web/CWebApplication.php(141): CWebApplication->runController('assets/lib/boot...')
#1 /Applications/MAMP/htdocs/yii/framework/base/CApplication.php(169): CWebApplication->processRequest()
#2 /Applications/MAMP/htdocs/baseyii/index.php(13): CApplication->run()
#3 {main}
REQUEST_URI=/baseyii/assets/lib/bootstrap/less/mixins.less
HTTP_REFERER=http://localhost/baseyii/
---
2013/02/24 02:47:31 [error] [exception.CHttpException.404] exception 'CHttpException' with message 'Unable to resolve the request "assets/lib/bootstrap/less/mixins.less".' in /Applications/MAMP/htdocs/yii/framework/web/CWebApplication.php:286
Stack trace:
#0 /Applications/MAMP/htdocs/yii/framework/web/CWebApplication.php(141): CWebApplication->runController('assets/lib/boot...')
#1 /Applications/MAMP/htdocs/yii/framework/base/CApplication.php(169): CWebApplication->processRequest()
#2 /Applications/MAMP/htdocs/baseyii/index.php(13): CApplication->run()
#3 {main}
REQUEST_URI=/baseyii/assets/lib/bootstrap/less/mixins.less
HTTP_REFERER=http://localhost/baseyii/site/page.asp?view=about
---
2013/02/24 02:47:32 [error] [exception.CHttpException.404] exception 'CHttpException' with message 'Unable to resolve the request "assets/lib/bootstrap/less/mixins.less".' in /Applications/MAMP/htdocs/yii/framework/web/CWebApplication.php:286
Stack trace:
#0 /Applications/MAMP/htdocs/yii/framework/web/CWebApplication.php(141): CWebApplication->runController('assets/lib/boot...')
#1 /Applications/MAMP/htdocs/yii/framework/base/CApplication.php(169): CWebApplication->processRequest()
#2 /Applications/MAMP/htdocs/baseyii/index.php(13): CApplication->run()
#3 {main}
REQUEST_URI=/baseyii/assets/lib/bootstrap/less/mixins.less
HTTP_REFERER=http://localhost/baseyii/site/page.asp?view=about
---
2013/02/24 02:47:34 [error] [exception.CHttpException.404] exception 'CHttpException' with message 'Unable to resolve the request "assets/lib/bootstrap/less/mixins.less".' in /Applications/MAMP/htdocs/yii/framework/web/CWebApplication.php:286
Stack trace:
#0 /Applications/MAMP/htdocs/yii/framework/web/CWebApplication.php(141): CWebApplication->runController('assets/lib/boot...')
#1 /Applications/MAMP/htdocs/yii/framework/base/CApplication.php(169): CWebApplication->processRequest()
#2 /Applications/MAMP/htdocs/baseyii/index.php(13): CApplication->run()
#3 {main}
REQUEST_URI=/baseyii/assets/lib/bootstrap/less/mixins.less
HTTP_REFERER=http://localhost/baseyii/site/login.asp
---
2013/02/24 02:47:46 [error] [exception.CHttpException.404] exception 'CHttpException' with message 'Unable to resolve the request "assets/lib/bootstrap/less/mixins.less".' in /Applications/MAMP/htdocs/yii/framework/web/CWebApplication.php:286
Stack trace:
#0 /Applications/MAMP/htdocs/yii/framework/web/CWebApplication.php(141): CWebApplication->runController('assets/lib/boot...')
#1 /Applications/MAMP/htdocs/yii/framework/base/CApplication.php(169): CWebApplication->processRequest()
#2 /Applications/MAMP/htdocs/baseyii/index.php(13): CApplication->run()
#3 {main}
REQUEST_URI=/baseyii/assets/lib/bootstrap/less/mixins.less
HTTP_REFERER=http://localhost/baseyii/
---
2013/02/24 02:48:04 [error] [exception.CHttpException.404] exception 'CHttpException' with message 'Unable to resolve the request "assets/lib/bootstrap/less/mixins.less".' in /Applications/MAMP/htdocs/yii/framework/web/CWebApplication.php:286
Stack trace:
#0 /Applications/MAMP/htdocs/yii/framework/web/CWebApplication.php(141): CWebApplication->runController('assets/lib/boot...')
#1 /Applications/MAMP/htdocs/yii/framework/base/CApplication.php(169): CWebApplication->processRequest()
#2 /Applications/MAMP/htdocs/baseyii/index.php(13): CApplication->run()
#3 {main}
REQUEST_URI=/baseyii/assets/lib/bootstrap/less/mixins.less
HTTP_REFERER=http://localhost/baseyii/
---
2013/02/24 02:48:07 [error] [exception.CHttpException.404] exception 'CHttpException' with message 'Unable to resolve the request "assets/lib/bootstrap/less/mixins.less".' in /Applications/MAMP/htdocs/yii/framework/web/CWebApplication.php:286
Stack trace:
#0 /Applications/MAMP/htdocs/yii/framework/web/CWebApplication.php(141): CWebApplication->runController('assets/lib/boot...')
#1 /Applications/MAMP/htdocs/yii/framework/base/CApplication.php(169): CWebApplication->processRequest()
#2 /Applications/MAMP/htdocs/baseyii/index.php(13): CApplication->run()
#3 {main}
REQUEST_URI=/baseyii/assets/lib/bootstrap/less/mixins.less
HTTP_REFERER=http://localhost/baseyii/site/page.asp?view=about
---
2013/02/24 02:48:09 [error] [exception.CHttpException.404] exception 'CHttpException' with message 'Unable to resolve the request "assets/lib/bootstrap/less/mixins.less".' in /Applications/MAMP/htdocs/yii/framework/web/CWebApplication.php:286
Stack trace:
#0 /Applications/MAMP/htdocs/yii/framework/web/CWebApplication.php(141): CWebApplication->runController('assets/lib/boot...')
#1 /Applications/MAMP/htdocs/yii/framework/base/CApplication.php(169): CWebApplication->processRequest()
#2 /Applications/MAMP/htdocs/baseyii/index.php(13): CApplication->run()
#3 {main}
REQUEST_URI=/baseyii/assets/lib/bootstrap/less/mixins.less
HTTP_REFERER=http://localhost/baseyii/site/contact.asp
---
2013/02/24 02:50:24 [error] [exception.CHttpException.404] exception 'CHttpException' with message 'Unable to resolve the request "assets/lib/bootstrap/less/mixins.less".' in /Applications/MAMP/htdocs/yii/framework/web/CWebApplication.php:286
Stack trace:
#0 /Applications/MAMP/htdocs/yii/framework/web/CWebApplication.php(141): CWebApplication->runController('assets/lib/boot...')
#1 /Applications/MAMP/htdocs/yii/framework/base/CApplication.php(169): CWebApplication->processRequest()
#2 /Applications/MAMP/htdocs/baseyii/index.php(13): CApplication->run()
#3 {main}
REQUEST_URI=/baseyii/assets/lib/bootstrap/less/mixins.less
HTTP_REFERER=http://localhost/baseyii/
---
2013/02/24 02:52:16 [error] [exception.CHttpException.404] exception 'CHttpException' with message 'Unable to resolve the request "assets/lib/bootstrap/less/mixins.less".' in /Applications/MAMP/htdocs/yii/framework/web/CWebApplication.php:286
Stack trace:
#0 /Applications/MAMP/htdocs/yii/framework/web/CWebApplication.php(141): CWebApplication->runController('assets/lib/boot...')
#1 /Applications/MAMP/htdocs/yii/framework/base/CApplication.php(169): CWebApplication->processRequest()
#2 /Applications/MAMP/htdocs/baseyii/index.php(13): CApplication->run()
#3 {main}
REQUEST_URI=/baseyii/assets/lib/bootstrap/less/mixins.less
HTTP_REFERER=http://localhost/baseyii/
---
2013/02/24 02:52:19 [error] [exception.CHttpException.404] exception 'CHttpException' with message 'Unable to resolve the request "assets/lib/bootstrap/less/mixins.less".' in /Applications/MAMP/htdocs/yii/framework/web/CWebApplication.php:286
Stack trace:
#0 /Applications/MAMP/htdocs/yii/framework/web/CWebApplication.php(141): CWebApplication->runController('assets/lib/boot...')
#1 /Applications/MAMP/htdocs/yii/framework/base/CApplication.php(169): CWebApplication->processRequest()
#2 /Applications/MAMP/htdocs/baseyii/index.php(13): CApplication->run()
#3 {main}
REQUEST_URI=/baseyii/assets/lib/bootstrap/less/mixins.less
---
2013/02/24 03:26:36 [error] [exception.CHttpException.404] exception 'CHttpException' with message 'Unable to resolve the request "assets/lib/bootstrap/less/mixins.less".' in /Applications/MAMP/htdocs/yii/framework/web/CWebApplication.php:286
Stack trace:
#0 /Applications/MAMP/htdocs/yii/framework/web/CWebApplication.php(141): CWebApplication->runController('assets/lib/boot...')
#1 /Applications/MAMP/htdocs/yii/framework/base/CApplication.php(169): CWebApplication->processRequest()
#2 /Applications/MAMP/htdocs/baseyii/index.php(13): CApplication->run()
#3 {main}
REQUEST_URI=/baseyii/assets/lib/bootstrap/less/mixins.less
HTTP_REFERER=http://localhost/baseyii/site/login.asp
---
2013/02/24 03:26:54 [error] [exception.CHttpException.404] exception 'CHttpException' with message 'Unable to resolve the request "assets/lib/bootstrap/less/mixins.less".' in /Applications/MAMP/htdocs/yii/framework/web/CWebApplication.php:286
Stack trace:
#0 /Applications/MAMP/htdocs/yii/framework/web/CWebApplication.php(141): CWebApplication->runController('assets/lib/boot...')
#1 /Applications/MAMP/htdocs/yii/framework/base/CApplication.php(169): CWebApplication->processRequest()
#2 /Applications/MAMP/htdocs/baseyii/index.php(13): CApplication->run()
#3 {main}
REQUEST_URI=/baseyii/assets/lib/bootstrap/less/mixins.less
HTTP_REFERER=http://localhost/baseyii/site/index.asp
---
2013/02/24 03:27:08 [error] [exception.CHttpException.404] exception 'CHttpException' with message 'Unable to resolve the request "assets/lib/bootstrap/less/mixins.less".' in /Applications/MAMP/htdocs/yii/framework/web/CWebApplication.php:286
Stack trace:
#0 /Applications/MAMP/htdocs/yii/framework/web/CWebApplication.php(141): CWebApplication->runController('assets/lib/boot...')
#1 /Applications/MAMP/htdocs/yii/framework/base/CApplication.php(169): CWebApplication->processRequest()
#2 /Applications/MAMP/htdocs/baseyii/index.php(13): CApplication->run()
#3 {main}
REQUEST_URI=/baseyii/assets/lib/bootstrap/less/mixins.less
HTTP_REFERER=http://localhost/baseyii/site/contact.asp
---
2013/02/24 03:27:24 [error] [exception.CHttpException.404] exception 'CHttpException' with message 'Unable to resolve the request "assets/lib/bootstrap/less/mixins.less".' in /Applications/MAMP/htdocs/yii/framework/web/CWebApplication.php:286
Stack trace:
#0 /Applications/MAMP/htdocs/yii/framework/web/CWebApplication.php(141): CWebApplication->runController('assets/lib/boot...')
#1 /Applications/MAMP/htdocs/yii/framework/base/CApplication.php(169): CWebApplication->processRequest()
#2 /Applications/MAMP/htdocs/baseyii/index.php(13): CApplication->run()
#3 {main}
REQUEST_URI=/baseyii/assets/lib/bootstrap/less/mixins.less
HTTP_REFERER=http://localhost/baseyii/site/contact.asp
---
2013/02/24 03:27:48 [error] [exception.CHttpException.404] exception 'CHttpException' with message 'Unable to resolve the request "assets/lib/bootstrap/less/mixins.less".' in /Applications/MAMP/htdocs/yii/framework/web/CWebApplication.php:286
Stack trace:
#0 /Applications/MAMP/htdocs/yii/framework/web/CWebApplication.php(141): CWebApplication->runController('assets/lib/boot...')
#1 /Applications/MAMP/htdocs/yii/framework/base/CApplication.php(169): CWebApplication->processRequest()
#2 /Applications/MAMP/htdocs/baseyii/index.php(13): CApplication->run()
#3 {main}
REQUEST_URI=/baseyii/assets/lib/bootstrap/less/mixins.less
HTTP_REFERER=http://localhost/baseyii/site/contact.asp
---
2013/02/24 03:28:01 [error] [exception.CHttpException.404] exception 'CHttpException' with message 'Unable to resolve the request "assets/lib/bootstrap/less/mixins.less".' in /Applications/MAMP/htdocs/yii/framework/web/CWebApplication.php:286
Stack trace:
#0 /Applications/MAMP/htdocs/yii/framework/web/CWebApplication.php(141): CWebApplication->runController('assets/lib/boot...')
#1 /Applications/MAMP/htdocs/yii/framework/base/CApplication.php(169): CWebApplication->processRequest()
#2 /Applications/MAMP/htdocs/baseyii/index.php(13): CApplication->run()
#3 {main}
REQUEST_URI=/baseyii/assets/lib/bootstrap/less/mixins.less
HTTP_REFERER=http://localhost/baseyii/
---
2013/02/27 04:08:26 [error] [exception.CHttpException.404] exception 'CHttpException' with message 'Unable to resolve the request "assets/lib/bootstrap/less/mixins.less".' in /Applications/MAMP/htdocs/yii/framework/web/CWebApplication.php:286
Stack trace:
#0 /Applications/MAMP/htdocs/yii/framework/web/CWebApplication.php(141): CWebApplication->runController('assets/lib/boot...')
#1 /Applications/MAMP/htdocs/yii/framework/base/CApplication.php(169): CWebApplication->processRequest()
#2 /Applications/MAMP/htdocs/baseyii/index.php(13): CApplication->run()
#3 {main}
REQUEST_URI=/baseyii/assets/lib/bootstrap/less/mixins.less
HTTP_REFERER=http://172.168.10.103/baseyii/
---
2013/02/27 04:08:31 [error] [exception.CHttpException.404] exception 'CHttpException' with message 'Unable to resolve the request "assets/lib/bootstrap/less/mixins.less".' in /Applications/MAMP/htdocs/yii/framework/web/CWebApplication.php:286
Stack trace:
#0 /Applications/MAMP/htdocs/yii/framework/web/CWebApplication.php(141): CWebApplication->runController('assets/lib/boot...')
#1 /Applications/MAMP/htdocs/yii/framework/base/CApplication.php(169): CWebApplication->processRequest()
#2 /Applications/MAMP/htdocs/baseyii/index.php(13): CApplication->run()
#3 {main}
REQUEST_URI=/baseyii/assets/lib/bootstrap/less/mixins.less
HTTP_REFERER=http://172.168.10.103/baseyii/site/login.asp
---
2013/02/27 04:08:37 [error] [exception.CHttpException.404] exception 'CHttpException' with message 'Unable to resolve the request "assets/lib/bootstrap/less/mixins.less".' in /Applications/MAMP/htdocs/yii/framework/web/CWebApplication.php:286
Stack trace:
#0 /Applications/MAMP/htdocs/yii/framework/web/CWebApplication.php(141): CWebApplication->runController('assets/lib/boot...')
#1 /Applications/MAMP/htdocs/yii/framework/base/CApplication.php(169): CWebApplication->processRequest()
#2 /Applications/MAMP/htdocs/baseyii/index.php(13): CApplication->run()
#3 {main}
REQUEST_URI=/baseyii/assets/lib/bootstrap/less/mixins.less
HTTP_REFERER=http://172.168.10.103/baseyii/site/contact.asp
---
2013/02/27 04:08:39 [error] [exception.CHttpException.404] exception 'CHttpException' with message 'Unable to resolve the request "assets/lib/bootstrap/less/mixins.less".' in /Applications/MAMP/htdocs/yii/framework/web/CWebApplication.php:286
Stack trace:
#0 /Applications/MAMP/htdocs/yii/framework/web/CWebApplication.php(141): CWebApplication->runController('assets/lib/boot...')
#1 /Applications/MAMP/htdocs/yii/framework/base/CApplication.php(169): CWebApplication->processRequest()
#2 /Applications/MAMP/htdocs/baseyii/index.php(13): CApplication->run()
#3 {main}
REQUEST_URI=/baseyii/assets/lib/bootstrap/less/mixins.less
HTTP_REFERER=http://172.168.10.103/baseyii/site/page.asp?view=about
---
2013/02/27 04:08:40 [error] [exception.CHttpException.404] exception 'CHttpException' with message 'Unable to resolve the request "assets/lib/bootstrap/less/mixins.less".' in /Applications/MAMP/htdocs/yii/framework/web/CWebApplication.php:286
Stack trace:
#0 /Applications/MAMP/htdocs/yii/framework/web/CWebApplication.php(141): CWebApplication->runController('assets/lib/boot...')
#1 /Applications/MAMP/htdocs/yii/framework/base/CApplication.php(169): CWebApplication->processRequest()
#2 /Applications/MAMP/htdocs/baseyii/index.php(13): CApplication->run()
#3 {main}
REQUEST_URI=/baseyii/assets/lib/bootstrap/less/mixins.less
HTTP_REFERER=http://172.168.10.103/baseyii/site/index.asp
---
2013/02/27 04:08:41 [error] [exception.CHttpException.404] exception 'CHttpException' with message 'Unable to resolve the request "assets/lib/bootstrap/less/mixins.less".' in /Applications/MAMP/htdocs/yii/framework/web/CWebApplication.php:286
Stack trace:
#0 /Applications/MAMP/htdocs/yii/framework/web/CWebApplication.php(141): CWebApplication->runController('assets/lib/boot...')
#1 /Applications/MAMP/htdocs/yii/framework/base/CApplication.php(169): CWebApplication->processRequest()
#2 /Applications/MAMP/htdocs/baseyii/index.php(13): CApplication->run()
#3 {main}
REQUEST_URI=/baseyii/assets/lib/bootstrap/less/mixins.less
HTTP_REFERER=http://172.168.10.103/baseyii/site/page.asp?view=about
---
2013/02/27 04:11:46 [error] [exception.CHttpException.404] exception 'CHttpException' with message 'Unable to resolve the request "assets/lib/bootstrap/less/mixins.less".' in /Applications/MAMP/htdocs/yii/framework/web/CWebApplication.php:286
Stack trace:
#0 /Applications/MAMP/htdocs/yii/framework/web/CWebApplication.php(141): CWebApplication->runController('assets/lib/boot...')
#1 /Applications/MAMP/htdocs/yii/framework/base/CApplication.php(169): CWebApplication->processRequest()
#2 /Applications/MAMP/htdocs/baseyii/index.php(13): CApplication->run()
#3 {main}
REQUEST_URI=/baseyii/assets/lib/bootstrap/less/mixins.less
HTTP_REFERER=http://172.168.10.103/baseyii/site/index.asp
---
2013/02/27 04:12:17 [error] [exception.CHttpException.404] exception 'CHttpException' with message 'Unable to resolve the request "assets/lib/bootstrap/less/mixins.less".' in /Applications/MAMP/htdocs/yii/framework/web/CWebApplication.php:286
Stack trace:
#0 /Applications/MAMP/htdocs/yii/framework/web/CWebApplication.php(141): CWebApplication->runController('assets/lib/boot...')
#1 /Applications/MAMP/htdocs/yii/framework/base/CApplication.php(169): CWebApplication->processRequest()
#2 /Applications/MAMP/htdocs/baseyii/index.php(13): CApplication->run()
#3 {main}
REQUEST_URI=/baseyii/assets/lib/bootstrap/less/mixins.less
HTTP_REFERER=http://172.168.10.103/baseyii/site/contact.asp
---
2013/02/27 04:12:32 [error] [exception.CHttpException.404] exception 'CHttpException' with message 'Unable to resolve the request "assets/lib/bootstrap/less/mixins.less".' in /Applications/MAMP/htdocs/yii/framework/web/CWebApplication.php:286
Stack trace:
#0 /Applications/MAMP/htdocs/yii/framework/web/CWebApplication.php(141): CWebApplication->runController('assets/lib/boot...')
#1 /Applications/MAMP/htdocs/yii/framework/base/CApplication.php(169): CWebApplication->processRequest()
#2 /Applications/MAMP/htdocs/baseyii/index.php(13): CApplication->run()
#3 {main}
REQUEST_URI=/baseyii/assets/lib/bootstrap/less/mixins.less
HTTP_REFERER=http://172.168.10.103/baseyii/site/contact.asp
---
2013/02/27 04:12:33 [error] [exception.CHttpException.404] exception 'CHttpException' with message 'Unable to resolve the request "assets/lib/bootstrap/less/mixins.less".' in /Applications/MAMP/htdocs/yii/framework/web/CWebApplication.php:286
Stack trace:
#0 /Applications/MAMP/htdocs/yii/framework/web/CWebApplication.php(141): CWebApplication->runController('assets/lib/boot...')
#1 /Applications/MAMP/htdocs/yii/framework/base/CApplication.php(169): CWebApplication->processRequest()
#2 /Applications/MAMP/htdocs/baseyii/index.php(13): CApplication->run()
#3 {main}
REQUEST_URI=/baseyii/assets/lib/bootstrap/less/mixins.less
HTTP_REFERER=http://172.168.10.103/baseyii/site/page.asp?view=about
---
2013/02/27 04:12:35 [error] [exception.CHttpException.404] exception 'CHttpException' with message 'Unable to resolve the request "assets/lib/bootstrap/less/mixins.less".' in /Applications/MAMP/htdocs/yii/framework/web/CWebApplication.php:286
Stack trace:
#0 /Applications/MAMP/htdocs/yii/framework/web/CWebApplication.php(141): CWebApplication->runController('assets/lib/boot...')
#1 /Applications/MAMP/htdocs/yii/framework/base/CApplication.php(169): CWebApplication->processRequest()
#2 /Applications/MAMP/htdocs/baseyii/index.php(13): CApplication->run()
#3 {main}
REQUEST_URI=/baseyii/assets/lib/bootstrap/less/mixins.less
HTTP_REFERER=http://172.168.10.103/baseyii/site/page.asp?view=about
---
2013/02/27 04:12:36 [error] [exception.CHttpException.404] exception 'CHttpException' with message 'Unable to resolve the request "assets/lib/bootstrap/less/mixins.less".' in /Applications/MAMP/htdocs/yii/framework/web/CWebApplication.php:286
Stack trace:
#0 /Applications/MAMP/htdocs/yii/framework/web/CWebApplication.php(141): CWebApplication->runController('assets/lib/boot...')
#1 /Applications/MAMP/htdocs/yii/framework/base/CApplication.php(169): CWebApplication->processRequest()
#2 /Applications/MAMP/htdocs/baseyii/index.php(13): CApplication->run()
#3 {main}
REQUEST_URI=/baseyii/assets/lib/bootstrap/less/mixins.less
HTTP_REFERER=http://172.168.10.103/baseyii/
---
2013/02/27 04:16:29 [error] [exception.CHttpException.404] exception 'CHttpException' with message 'Unable to resolve the request "assets/lib/bootstrap/less/mixins.less".' in /Applications/MAMP/htdocs/yii/framework/web/CWebApplication.php:286
Stack trace:
#0 /Applications/MAMP/htdocs/yii/framework/web/CWebApplication.php(141): CWebApplication->runController('assets/lib/boot...')
#1 /Applications/MAMP/htdocs/yii/framework/base/CApplication.php(169): CWebApplication->processRequest()
#2 /Applications/MAMP/htdocs/baseyii/index.php(13): CApplication->run()
#3 {main}
REQUEST_URI=/baseyii/assets/lib/bootstrap/less/mixins.less
HTTP_REFERER=http://172.168.10.103/baseyii/site/index.asp
---
2013/02/27 04:16:30 [error] [exception.CHttpException.404] exception 'CHttpException' with message 'Unable to resolve the request "assets/lib/bootstrap/less/mixins.less".' in /Applications/MAMP/htdocs/yii/framework/web/CWebApplication.php:286
Stack trace:
#0 /Applications/MAMP/htdocs/yii/framework/web/CWebApplication.php(141): CWebApplication->runController('assets/lib/boot...')
#1 /Applications/MAMP/htdocs/yii/framework/base/CApplication.php(169): CWebApplication->processRequest()
#2 /Applications/MAMP/htdocs/baseyii/index.php(13): CApplication->run()
#3 {main}
REQUEST_URI=/baseyii/assets/lib/bootstrap/less/mixins.less
HTTP_REFERER=http://172.168.10.103/baseyii/site/page.asp?view=about
---
2013/02/27 04:31:15 [error] [exception.CHttpException.404] exception 'CHttpException' with message 'Unable to resolve the request "assets/lib/bootstrap/less/mixins.less".' in /Applications/MAMP/htdocs/yii/framework/web/CWebApplication.php:286
Stack trace:
#0 /Applications/MAMP/htdocs/yii/framework/web/CWebApplication.php(141): CWebApplication->runController('assets/lib/boot...')
#1 /Applications/MAMP/htdocs/yii/framework/base/CApplication.php(169): CWebApplication->processRequest()
#2 /Applications/MAMP/htdocs/baseyii/index.php(13): CApplication->run()
#3 {main}
REQUEST_URI=/baseyii/assets/lib/bootstrap/less/mixins.less
HTTP_REFERER=http://172.168.10.103/baseyii/site/index.asp
---
2013/02/27 04:31:17 [error] [exception.CHttpException.404] exception 'CHttpException' with message 'Unable to resolve the request "assets/lib/bootstrap/less/mixins.less".' in /Applications/MAMP/htdocs/yii/framework/web/CWebApplication.php:286
Stack trace:
#0 /Applications/MAMP/htdocs/yii/framework/web/CWebApplication.php(141): CWebApplication->runController('assets/lib/boot...')
#1 /Applications/MAMP/htdocs/yii/framework/base/CApplication.php(169): CWebApplication->processRequest()
#2 /Applications/MAMP/htdocs/baseyii/index.php(13): CApplication->run()
#3 {main}
REQUEST_URI=/baseyii/assets/lib/bootstrap/less/mixins.less
HTTP_REFERER=http://172.168.10.103/baseyii/site/contact.asp
---
2013/02/27 04:44:44 [error] [exception.CHttpException.404] exception 'CHttpException' with message 'Unable to resolve the request "assets/lib/bootstrap/less/mixins.less".' in /Applications/MAMP/htdocs/yii/framework/web/CWebApplication.php:286
Stack trace:
#0 /Applications/MAMP/htdocs/yii/framework/web/CWebApplication.php(141): CWebApplication->runController('assets/lib/boot...')
#1 /Applications/MAMP/htdocs/yii/framework/base/CApplication.php(169): CWebApplication->processRequest()
#2 /Applications/MAMP/htdocs/baseyii/index.php(13): CApplication->run()
#3 {main}
REQUEST_URI=/baseyii/assets/lib/bootstrap/less/mixins.less
HTTP_REFERER=http://172.168.10.103/baseyii/site/page.asp?view=about
---
2013/02/27 04:44:45 [error] [exception.CHttpException.404] exception 'CHttpException' with message 'Unable to resolve the request "assets/lib/bootstrap/less/mixins.less".' in /Applications/MAMP/htdocs/yii/framework/web/CWebApplication.php:286
Stack trace:
#0 /Applications/MAMP/htdocs/yii/framework/web/CWebApplication.php(141): CWebApplication->runController('assets/lib/boot...')
#1 /Applications/MAMP/htdocs/yii/framework/base/CApplication.php(169): CWebApplication->processRequest()
#2 /Applications/MAMP/htdocs/baseyii/index.php(13): CApplication->run()
#3 {main}
REQUEST_URI=/baseyii/assets/lib/bootstrap/less/mixins.less
HTTP_REFERER=http://172.168.10.103/baseyii/site/index.asp
---
2013/03/03 05:05:23 [error] [exception.CHttpException.404] exception 'CHttpException' with message 'Unable to resolve the request "assets/lib/bootstrap/less/mixins.less".' in /Applications/MAMP/htdocs/yii/framework/web/CWebApplication.php:286
Stack trace:
#0 /Applications/MAMP/htdocs/yii/framework/web/CWebApplication.php(141): CWebApplication->runController('assets/lib/boot...')
#1 /Applications/MAMP/htdocs/yii/framework/base/CApplication.php(169): CWebApplication->processRequest()
#2 /Applications/MAMP/htdocs/baseyii/index.php(13): CApplication->run()
#3 {main}
REQUEST_URI=/baseyii/assets/lib/bootstrap/less/mixins.less
HTTP_REFERER=http://localhost/baseyii/
---
2013/03/03 05:05:26 [error] [exception.CHttpException.404] exception 'CHttpException' with message 'Unable to resolve the request "assets/lib/bootstrap/less/mixins.less".' in /Applications/MAMP/htdocs/yii/framework/web/CWebApplication.php:286
Stack trace:
#0 /Applications/MAMP/htdocs/yii/framework/web/CWebApplication.php(141): CWebApplication->runController('assets/lib/boot...')
#1 /Applications/MAMP/htdocs/yii/framework/base/CApplication.php(169): CWebApplication->processRequest()
#2 /Applications/MAMP/htdocs/baseyii/index.php(13): CApplication->run()
#3 {main}
REQUEST_URI=/baseyii/assets/lib/bootstrap/less/mixins.less
HTTP_REFERER=http://localhost/baseyii/site/page.asp?view=about
---
2013/03/03 05:05:28 [error] [exception.CHttpException.404] exception 'CHttpException' with message 'Unable to resolve the request "assets/lib/bootstrap/less/mixins.less".' in /Applications/MAMP/htdocs/yii/framework/web/CWebApplication.php:286
Stack trace:
#0 /Applications/MAMP/htdocs/yii/framework/web/CWebApplication.php(141): CWebApplication->runController('assets/lib/boot...')
#1 /Applications/MAMP/htdocs/yii/framework/base/CApplication.php(169): CWebApplication->processRequest()
#2 /Applications/MAMP/htdocs/baseyii/index.php(13): CApplication->run()
#3 {main}
REQUEST_URI=/baseyii/assets/lib/bootstrap/less/mixins.less
HTTP_REFERER=http://localhost/baseyii/site/contact.asp
---
2013/03/03 05:05:36 [error] [exception.CHttpException.404] exception 'CHttpException' with message 'Unable to resolve the request "assets/lib/bootstrap/less/mixins.less".' in /Applications/MAMP/htdocs/yii/framework/web/CWebApplication.php:286
Stack trace:
#0 /Applications/MAMP/htdocs/yii/framework/web/CWebApplication.php(141): CWebApplication->runController('assets/lib/boot...')
#1 /Applications/MAMP/htdocs/yii/framework/base/CApplication.php(169): CWebApplication->processRequest()
#2 /Applications/MAMP/htdocs/baseyii/index.php(13): CApplication->run()
#3 {main}
REQUEST_URI=/baseyii/assets/lib/bootstrap/less/mixins.less
HTTP_REFERER=http://localhost/baseyii/
---
2013/03/03 05:05:41 [error] [exception.CHttpException.404] exception 'CHttpException' with message 'Unable to resolve the request "assets/lib/bootstrap/less/mixins.less".' in /Applications/MAMP/htdocs/yii/framework/web/CWebApplication.php:286
Stack trace:
#0 /Applications/MAMP/htdocs/yii/framework/web/CWebApplication.php(141): CWebApplication->runController('assets/lib/boot...')
#1 /Applications/MAMP/htdocs/yii/framework/base/CApplication.php(169): CWebApplication->processRequest()
#2 /Applications/MAMP/htdocs/baseyii/index.php(13): CApplication->run()
#3 {main}
REQUEST_URI=/baseyii/assets/lib/bootstrap/less/mixins.less
HTTP_REFERER=http://localhost/baseyii/site/page.asp?view=about
---
2013/03/03 05:05:47 [error] [exception.CHttpException.404] exception 'CHttpException' with message 'Unable to resolve the request "assets/lib/bootstrap/less/mixins.less".' in /Applications/MAMP/htdocs/yii/framework/web/CWebApplication.php:286
Stack trace:
#0 /Applications/MAMP/htdocs/yii/framework/web/CWebApplication.php(141): CWebApplication->runController('assets/lib/boot...')
#1 /Applications/MAMP/htdocs/yii/framework/base/CApplication.php(169): CWebApplication->processRequest()
#2 /Applications/MAMP/htdocs/baseyii/index.php(13): CApplication->run()
#3 {main}
REQUEST_URI=/baseyii/assets/lib/bootstrap/less/mixins.less
HTTP_REFERER=http://localhost/baseyii/site/contact.asp
---
2013/03/03 05:05:49 [error] [exception.CHttpException.404] exception 'CHttpException' with message 'Unable to resolve the request "assets/lib/bootstrap/less/mixins.less".' in /Applications/MAMP/htdocs/yii/framework/web/CWebApplication.php:286
Stack trace:
#0 /Applications/MAMP/htdocs/yii/framework/web/CWebApplication.php(141): CWebApplication->runController('assets/lib/boot...')
#1 /Applications/MAMP/htdocs/yii/framework/base/CApplication.php(169): CWebApplication->processRequest()
#2 /Applications/MAMP/htdocs/baseyii/index.php(13): CApplication->run()
#3 {main}
REQUEST_URI=/baseyii/assets/lib/bootstrap/less/mixins.less
HTTP_REFERER=http://localhost/baseyii/site/login.asp
---
2013/03/03 05:05:50 [error] [exception.CHttpException.404] exception 'CHttpException' with message 'Unable to resolve the request "assets/lib/bootstrap/less/mixins.less".' in /Applications/MAMP/htdocs/yii/framework/web/CWebApplication.php:286
Stack trace:
#0 /Applications/MAMP/htdocs/yii/framework/web/CWebApplication.php(141): CWebApplication->runController('assets/lib/boot...')
#1 /Applications/MAMP/htdocs/yii/framework/base/CApplication.php(169): CWebApplication->processRequest()
#2 /Applications/MAMP/htdocs/baseyii/index.php(13): CApplication->run()
#3 {main}
REQUEST_URI=/baseyii/assets/lib/bootstrap/less/mixins.less
HTTP_REFERER=http://localhost/baseyii/site/page.asp?view=about
---
2013/03/03 05:05:53 [error] [exception.CHttpException.404] exception 'CHttpException' with message 'The requested view "index" was not found.' in /Applications/MAMP/htdocs/yii/framework/web/actions/CViewAction.php:112
Stack trace:
#0 /Applications/MAMP/htdocs/yii/framework/web/actions/CViewAction.php(123): CViewAction->resolveView('index')
#1 /Applications/MAMP/htdocs/yii/framework/web/actions/CAction.php(76): CViewAction->run()
#2 /Applications/MAMP/htdocs/yii/framework/web/CController.php(308): CAction->runWithParams(Array)
#3 /Applications/MAMP/htdocs/yii/framework/web/CController.php(286): CController->runAction(Object(CViewAction))
#4 /Applications/MAMP/htdocs/yii/framework/web/CController.php(265): CController->runActionWithFilters(Object(CViewAction), Array)
#5 /Applications/MAMP/htdocs/yii/framework/web/CWebApplication.php(282): CController->run('page')
#6 /Applications/MAMP/htdocs/yii/framework/web/CWebApplication.php(141): CWebApplication->runController('site/page')
#7 /Applications/MAMP/htdocs/yii/framework/base/CApplication.php(169): CWebApplication->processRequest()
#8 /Applications/MAMP/htdocs/baseyii/index.php(13): CApplication->run()
#9 {main}
REQUEST_URI=/baseyii/site/page.asp
---
2013/03/03 05:05:54 [error] [exception.CHttpException.404] exception 'CHttpException' with message 'Unable to resolve the request "assets/lib/bootstrap/less/mixins.less".' in /Applications/MAMP/htdocs/yii/framework/web/CWebApplication.php:286
Stack trace:
#0 /Applications/MAMP/htdocs/yii/framework/web/CWebApplication.php(141): CWebApplication->runController('assets/lib/boot...')
#1 /Applications/MAMP/htdocs/yii/framework/base/CApplication.php(169): CWebApplication->processRequest()
#2 /Applications/MAMP/htdocs/baseyii/index.php(13): CApplication->run()
#3 {main}
REQUEST_URI=/baseyii/assets/lib/bootstrap/less/mixins.less
HTTP_REFERER=http://localhost/baseyii/site/page.asp
---
2013/03/03 05:05:59 [error] [exception.CHttpException.404] exception 'CHttpException' with message 'Unable to resolve the request "assets/lib/bootstrap/less/mixins.less".' in /Applications/MAMP/htdocs/yii/framework/web/CWebApplication.php:286
Stack trace:
#0 /Applications/MAMP/htdocs/yii/framework/web/CWebApplication.php(141): CWebApplication->runController('assets/lib/boot...')
#1 /Applications/MAMP/htdocs/yii/framework/base/CApplication.php(169): CWebApplication->processRequest()
#2 /Applications/MAMP/htdocs/baseyii/index.php(13): CApplication->run()
#3 {main}
REQUEST_URI=/baseyii/assets/lib/bootstrap/less/mixins.less
HTTP_REFERER=http://localhost/baseyii/
---
2013/03/14 10:14:50 [error] [exception.CHttpException.404] exception 'CHttpException' with message 'Unable to resolve the request "assets/lib/bootstrap/less/mixins.less".' in /Applications/MAMP/htdocs/yii/framework/web/CWebApplication.php:286
Stack trace:
#0 /Applications/MAMP/htdocs/yii/framework/web/CWebApplication.php(141): CWebApplication->runController('assets/lib/boot...')
#1 /Applications/MAMP/htdocs/yii/framework/base/CApplication.php(169): CWebApplication->processRequest()
#2 /Applications/MAMP/htdocs/baseyii/index.php(13): CApplication->run()
#3 {main}
REQUEST_URI=/baseyii/assets/lib/bootstrap/less/mixins.less
HTTP_REFERER=http://localhost/baseyii/
---
2013/03/14 10:15:02 [error] [exception.CHttpException.404] exception 'CHttpException' with message 'Unable to resolve the request "assets/lib/bootstrap/less/mixins.less".' in /Applications/MAMP/htdocs/yii/framework/web/CWebApplication.php:286
Stack trace:
#0 /Applications/MAMP/htdocs/yii/framework/web/CWebApplication.php(141): CWebApplication->runController('assets/lib/boot...')
#1 /Applications/MAMP/htdocs/yii/framework/base/CApplication.php(169): CWebApplication->processRequest()
#2 /Applications/MAMP/htdocs/baseyii/index.php(13): CApplication->run()
#3 {main}
REQUEST_URI=/baseyii/assets/lib/bootstrap/less/mixins.less
HTTP_REFERER=http://localhost/baseyii/site/page.asp?view=about
---
2013/03/14 10:15:06 [error] [exception.CHttpException.404] exception 'CHttpException' with message 'Unable to resolve the request "assets/lib/bootstrap/less/mixins.less".' in /Applications/MAMP/htdocs/yii/framework/web/CWebApplication.php:286
Stack trace:
#0 /Applications/MAMP/htdocs/yii/framework/web/CWebApplication.php(141): CWebApplication->runController('assets/lib/boot...')
#1 /Applications/MAMP/htdocs/yii/framework/base/CApplication.php(169): CWebApplication->processRequest()
#2 /Applications/MAMP/htdocs/baseyii/index.php(13): CApplication->run()
#3 {main}
REQUEST_URI=/baseyii/assets/lib/bootstrap/less/mixins.less
HTTP_REFERER=http://localhost/baseyii/site/contact.asp
---
2013/03/14 10:15:08 [error] [exception.CHttpException.404] exception 'CHttpException' with message 'Unable to resolve the request "assets/lib/bootstrap/less/mixins.less".' in /Applications/MAMP/htdocs/yii/framework/web/CWebApplication.php:286
Stack trace:
#0 /Applications/MAMP/htdocs/yii/framework/web/CWebApplication.php(141): CWebApplication->runController('assets/lib/boot...')
#1 /Applications/MAMP/htdocs/yii/framework/base/CApplication.php(169): CWebApplication->processRequest()
#2 /Applications/MAMP/htdocs/baseyii/index.php(13): CApplication->run()
#3 {main}
REQUEST_URI=/baseyii/assets/lib/bootstrap/less/mixins.less
HTTP_REFERER=http://localhost/baseyii/site/index.asp
---
2013/09/29 08:36:54 [error] [exception.CException] exception 'CException' with message 'Bootstrap and its behaviors do not have a method or closure named "register".' in /Library/WebServer/Documents/yii/framework/base/CComponent.php:266
Stack trace:
#0 /Library/WebServer/Documents/baseyii/themes/bootstrap/views/layouts/main.php(12): CComponent->__call('register', Array)
#1 /Library/WebServer/Documents/baseyii/themes/bootstrap/views/layouts/main.php(12): Bootstrap->register()
#2 /Library/WebServer/Documents/yii/framework/web/CBaseController.php(126): require('/Library/WebSer...')
#3 /Library/WebServer/Documents/yii/framework/web/CBaseController.php(95): CBaseController->renderInternal('/Library/WebSer...', Array, true)
#4 /Library/WebServer/Documents/yii/framework/web/widgets/CContentDecorator.php(76): CBaseController->renderFile('/Library/WebSer...', Array, true)
#5 /Library/WebServer/Documents/yii/framework/web/widgets/CContentDecorator.php(54): CContentDecorator->decorate('<div id="conten...')
#6 /Library/WebServer/Documents/yii/framework/web/widgets/COutputProcessor.php(44): CContentDecorator->processOutput('<div id="conten...')
#7 /Library/WebServer/Documents/yii/framework/web/CBaseController.php(206): COutputProcessor->run()
#8 /Library/WebServer/Documents/yii/framework/web/CBaseController.php(300): CBaseController->endWidget('CContentDecorat...')
#9 /Library/WebServer/Documents/baseyii/protected/views/layouts/column1.php(6): CBaseController->endContent()
#10 /Library/WebServer/Documents/yii/framework/web/CBaseController.php(126): require('/Library/WebSer...')
#11 /Library/WebServer/Documents/yii/framework/web/CBaseController.php(95): CBaseController->renderInternal('/Library/WebSer...', Array, true)
#12 /Library/WebServer/Documents/yii/framework/web/CController.php(784): CBaseController->renderFile('/Library/WebSer...', Array, true)
#13 /Library/WebServer/Documents/baseyii/protected/controllers/SiteController.php(32): CController->render('index')
#14 /Library/WebServer/Documents/yii/framework/web/actions/CInlineAction.php(49): SiteController->actionIndex()
#15 /Library/WebServer/Documents/yii/framework/web/CController.php(308): CInlineAction->runWithParams(Array)
#16 /Library/WebServer/Documents/yii/framework/web/CController.php(286): CController->runAction(Object(CInlineAction))
#17 /Library/WebServer/Documents/yii/framework/web/CController.php(265): CController->runActionWithFilters(Object(CInlineAction), Array)
#18 /Library/WebServer/Documents/yii/framework/web/CWebApplication.php(282): CController->run('')
#19 /Library/WebServer/Documents/yii/framework/web/CWebApplication.php(141): CWebApplication->runController('')
#20 /Library/WebServer/Documents/yii/framework/base/CApplication.php(180): CWebApplication->processRequest()
#21 /Library/WebServer/Documents/baseyii/index.php(13): CApplication->run()
#22 {main}
REQUEST_URI=/baseyii/
---
2013/09/29 08:38:19 [error] [php] date(): It is not safe to rely on the system's timezone settings. You are *required* to use the date.timezone setting or the date_default_timezone_set() function. In case you used any of those methods and you are still getting this warning, you most likely misspelled the timezone identifier. We selected 'America/Bogota' for 'COT/-5.0/no DST' instead (/Library/WebServer/Documents/baseyii/themes/bootstrap/views/layouts/main.php:45)
Stack trace:
#0 /Library/WebServer/Documents/yii/framework/web/CBaseController.php(95): SiteController->renderInternal()
#1 /Library/WebServer/Documents/yii/framework/web/widgets/CContentDecorator.php(76): SiteController->renderFile()
#2 /Library/WebServer/Documents/yii/framework/web/widgets/CContentDecorator.php(54): CContentDecorator->decorate()
#3 /Library/WebServer/Documents/yii/framework/web/widgets/COutputProcessor.php(44): CContentDecorator->processOutput()
#4 /Library/WebServer/Documents/yii/framework/web/CBaseController.php(206): CContentDecorator->run()
#5 /Library/WebServer/Documents/yii/framework/web/CBaseController.php(300): SiteController->endWidget()
#6 /Library/WebServer/Documents/baseyii/protected/views/layouts/column1.php(6): SiteController->endContent()
#7 /Library/WebServer/Documents/yii/framework/web/CBaseController.php(126): require()
#8 /Library/WebServer/Documents/yii/framework/web/CBaseController.php(95): SiteController->renderInternal()
#9 /Library/WebServer/Documents/yii/framework/web/CController.php(784): SiteController->renderFile()
#10 /Library/WebServer/Documents/baseyii/protected/controllers/SiteController.php(32): SiteController->render()
#11 /Library/WebServer/Documents/yii/framework/web/actions/CInlineAction.php(49): SiteController->actionIndex()
#12 /Library/WebServer/Documents/yii/framework/web/CController.php(308): CInlineAction->runWithParams()
#13 /Library/WebServer/Documents/yii/framework/web/CController.php(286): SiteController->runAction()
#14 /Library/WebServer/Documents/yii/framework/web/CController.php(265): SiteController->runActionWithFilters()
#15 /Library/WebServer/Documents/yii/framework/web/CWebApplication.php(282): SiteController->run()
#16 /Library/WebServer/Documents/yii/framework/web/CWebApplication.php(141): CWebApplication->runController()
#17 /Library/WebServer/Documents/yii/framework/base/CApplication.php(180): CWebApplication->processRequest()
#18 /Library/WebServer/Documents/baseyii/index.php(13): CWebApplication->run()
REQUEST_URI=/baseyii/
in /Library/WebServer/Documents/baseyii/themes/bootstrap/views/layouts/main.php (45)
in /Library/WebServer/Documents/baseyii/protected/views/layouts/column1.php (6)
in /Library/WebServer/Documents/baseyii/protected/controllers/SiteController.php (32)
2013/09/29 08:39:13 [error] [exception.CHttpException.404] exception 'CHttpException' with message 'Unable to resolve the request "assets/lib/bootstrap/less/mixins.less".' in /Library/WebServer/Documents/yii/framework/web/CWebApplication.php:286
Stack trace:
#0 /Library/WebServer/Documents/yii/framework/web/CWebApplication.php(141): CWebApplication->runController('assets/lib/boot...')
#1 /Library/WebServer/Documents/yii/framework/base/CApplication.php(180): CWebApplication->processRequest()
#2 /Library/WebServer/Documents/baseyii/index.php(13): CApplication->run()
#3 {main}
REQUEST_URI=/baseyii/assets/lib/bootstrap/less/mixins.less
HTTP_REFERER=http://localhost/baseyii/
---
2013/09/29 08:39:15 [error] [exception.CHttpException.404] exception 'CHttpException' with message 'Unable to resolve the request "assets/lib/bootstrap/less/mixins.less".' in /Library/WebServer/Documents/yii/framework/web/CWebApplication.php:286
Stack trace:
#0 /Library/WebServer/Documents/yii/framework/web/CWebApplication.php(141): CWebApplication->runController('assets/lib/boot...')
#1 /Library/WebServer/Documents/yii/framework/base/CApplication.php(180): CWebApplication->processRequest()
#2 /Library/WebServer/Documents/baseyii/index.php(13): CApplication->run()
#3 {main}
REQUEST_URI=/baseyii/assets/lib/bootstrap/less/mixins.less
HTTP_REFERER=http://localhost/baseyii/site/page.asp?view=about
---
2013/09/29 08:39:16 [error] [exception.CHttpException.404] exception 'CHttpException' with message 'Unable to resolve the request "assets/lib/bootstrap/less/mixins.less".' in /Library/WebServer/Documents/yii/framework/web/CWebApplication.php:286
Stack trace:
#0 /Library/WebServer/Documents/yii/framework/web/CWebApplication.php(141): CWebApplication->runController('assets/lib/boot...')
#1 /Library/WebServer/Documents/yii/framework/base/CApplication.php(180): CWebApplication->processRequest()
#2 /Library/WebServer/Documents/baseyii/index.php(13): CApplication->run()
#3 {main}
REQUEST_URI=/baseyii/assets/lib/bootstrap/less/mixins.less
HTTP_REFERER=http://localhost/baseyii/site/contact.asp
---
2013/09/29 08:39:18 [error] [exception.CHttpException.404] exception 'CHttpException' with message 'Unable to resolve the request "assets/lib/bootstrap/less/mixins.less".' in /Library/WebServer/Documents/yii/framework/web/CWebApplication.php:286
Stack trace:
#0 /Library/WebServer/Documents/yii/framework/web/CWebApplication.php(141): CWebApplication->runController('assets/lib/boot...')
#1 /Library/WebServer/Documents/yii/framework/base/CApplication.php(180): CWebApplication->processRequest()
#2 /Library/WebServer/Documents/baseyii/index.php(13): CApplication->run()
#3 {main}
REQUEST_URI=/baseyii/assets/lib/bootstrap/less/mixins.less
HTTP_REFERER=http://localhost/baseyii/
---
2013/09/29 08:41:02 [error] [exception.CException] exception 'CException' with message 'Bootstrap and its behaviors do not have a method or closure named "register".' in /Library/WebServer/Documents/yii/framework/base/CComponent.php:266
Stack trace:
#0 /Library/WebServer/Documents/baseyii/themes/bootstrap/views/layouts/main.php(12): CComponent->__call('register', Array)
#1 /Library/WebServer/Documents/baseyii/themes/bootstrap/views/layouts/main.php(12): Bootstrap->register()
#2 /Library/WebServer/Documents/yii/framework/web/CBaseController.php(126): require('/Library/WebSer...')
#3 /Library/WebServer/Documents/yii/framework/web/CBaseController.php(95): CBaseController->renderInternal('/Library/WebSer...', Array, true)
#4 /Library/WebServer/Documents/yii/framework/web/widgets/CContentDecorator.php(76): CBaseController->renderFile('/Library/WebSer...', Array, true)
#5 /Library/WebServer/Documents/yii/framework/web/widgets/CContentDecorator.php(54): CContentDecorator->decorate('<div id="conten...')
#6 /Library/WebServer/Documents/yii/framework/web/widgets/COutputProcessor.php(44): CContentDecorator->processOutput('<div id="conten...')
#7 /Library/WebServer/Documents/yii/framework/web/CBaseController.php(206): COutputProcessor->run()
#8 /Library/WebServer/Documents/yii/framework/web/CBaseController.php(300): CBaseController->endWidget('CContentDecorat...')
#9 /Library/WebServer/Documents/baseyii/protected/views/layouts/column1.php(6): CBaseController->endContent()
#10 /Library/WebServer/Documents/yii/framework/web/CBaseController.php(126): require('/Library/WebSer...')
#11 /Library/WebServer/Documents/yii/framework/web/CBaseController.php(95): CBaseController->renderInternal('/Library/WebSer...', Array, true)
#12 /Library/WebServer/Documents/yii/framework/web/CController.php(784): CBaseController->renderFile('/Library/WebSer...', Array, true)
#13 /Library/WebServer/Documents/baseyii/protected/controllers/SiteController.php(32): CController->render('index')
#14 /Library/WebServer/Documents/yii/framework/web/actions/CInlineAction.php(49): SiteController->actionIndex()
#15 /Library/WebServer/Documents/yii/framework/web/CController.php(308): CInlineAction->runWithParams(Array)
#16 /Library/WebServer/Documents/yii/framework/web/CController.php(286): CController->runAction(Object(CInlineAction))
#17 /Library/WebServer/Documents/yii/framework/web/CController.php(265): CController->runActionWithFilters(Object(CInlineAction), Array)
#18 /Library/WebServer/Documents/yii/framework/web/CWebApplication.php(282): CController->run('')
#19 /Library/WebServer/Documents/yii/framework/web/CWebApplication.php(141): CWebApplication->runController('')
#20 /Library/WebServer/Documents/yii/framework/base/CApplication.php(180): CWebApplication->processRequest()
#21 /Library/WebServer/Documents/baseyii/index.php(13): CApplication->run()
#22 {main}
REQUEST_URI=/baseyii/
HTTP_REFERER=http://localhost/baseyii/site/contact.asp
---
2013/09/29 08:41:36 [error] [exception.CException] exception 'CException' with message 'Bootstrap and its behaviors do not have a method or closure named "register".' in /Library/WebServer/Documents/yii/framework/base/CComponent.php:266
Stack trace:
#0 /Library/WebServer/Documents/baseyii/themes/bootstrap/views/layouts/main.php(12): CComponent->__call('register', Array)
#1 /Library/WebServer/Documents/baseyii/themes/bootstrap/views/layouts/main.php(12): Bootstrap->register()
#2 /Library/WebServer/Documents/yii/framework/web/CBaseController.php(126): require('/Library/WebSer...')
#3 /Library/WebServer/Documents/yii/framework/web/CBaseController.php(95): CBaseController->renderInternal('/Library/WebSer...', Array, true)
#4 /Library/WebServer/Documents/yii/framework/web/widgets/CContentDecorator.php(76): CBaseController->renderFile('/Library/WebSer...', Array, true)
#5 /Library/WebServer/Documents/yii/framework/web/widgets/CContentDecorator.php(54): CContentDecorator->decorate('<div id="conten...')
#6 /Library/WebServer/Documents/yii/framework/web/widgets/COutputProcessor.php(44): CContentDecorator->processOutput('<div id="conten...')
#7 /Library/WebServer/Documents/yii/framework/web/CBaseController.php(206): COutputProcessor->run()
#8 /Library/WebServer/Documents/yii/framework/web/CBaseController.php(300): CBaseController->endWidget('CContentDecorat...')
#9 /Library/WebServer/Documents/baseyii/protected/views/layouts/column1.php(6): CBaseController->endContent()
#10 /Library/WebServer/Documents/yii/framework/web/CBaseController.php(126): require('/Library/WebSer...')
#11 /Library/WebServer/Documents/yii/framework/web/CBaseController.php(95): CBaseController->renderInternal('/Library/WebSer...', Array, true)
#12 /Library/WebServer/Documents/yii/framework/web/CController.php(784): CBaseController->renderFile('/Library/WebSer...', Array, true)
#13 /Library/WebServer/Documents/baseyii/protected/controllers/SiteController.php(32): CController->render('index')
#14 /Library/WebServer/Documents/yii/framework/web/actions/CInlineAction.php(49): SiteController->actionIndex()
#15 /Library/WebServer/Documents/yii/framework/web/CController.php(308): CInlineAction->runWithParams(Array)
#16 /Library/WebServer/Documents/yii/framework/web/CController.php(286): CController->runAction(Object(CInlineAction))
#17 /Library/WebServer/Documents/yii/framework/web/CController.php(265): CController->runActionWithFilters(Object(CInlineAction), Array)
#18 /Library/WebServer/Documents/yii/framework/web/CWebApplication.php(282): CController->run('')
#19 /Library/WebServer/Documents/yii/framework/web/CWebApplication.php(141): CWebApplication->runController('')
#20 /Library/WebServer/Documents/yii/framework/base/CApplication.php(180): CWebApplication->processRequest()
#21 /Library/WebServer/Documents/baseyii/index.php(13): CApplication->run()
#22 {main}
REQUEST_URI=/baseyii/
HTTP_REFERER=http://localhost/baseyii/site/contact.asp
---
2013/09/29 09:10:30 [error] [exception.CHttpException.404] exception 'CHttpException' with message 'The system is unable to find the requested action "index.asp".' in /Library/WebServer/Documents/yii/framework/web/CController.php:483
Stack trace:
#0 /Library/WebServer/Documents/yii/framework/web/CController.php(270): CController->missingAction('index.asp')
#1 /Library/WebServer/Documents/yii/framework/web/CWebApplication.php(282): CController->run('index.asp')
#2 /Library/WebServer/Documents/yii/framework/web/CWebApplication.php(141): CWebApplication->runController('site/index.asp')
#3 /Library/WebServer/Documents/yii/framework/base/CApplication.php(180): CWebApplication->processRequest()
#4 /Library/WebServer/Documents/baseyii/index.php(13): CApplication->run()
#5 {main}
REQUEST_URI=/baseyii/site/index.asp
HTTP_REFERER=http://localhost/baseyii/site/contact.asp
---
